This is pdfTeX, Version 3.1415926-1.40.10 (TeX Live 2009/Debian) (format=pdflatex 2016.12.23)  28 JAN 2017 16:09
entering extended mode
 %&-line parsing enabled.
**tesi.tex
(./tesi.tex
LaTeX2e <2009/09/24>
Babel <v3.8l> and hyphenation patterns for english, usenglishmax, dumylang, noh
yphenation, italian, loaded.
(/usr/share/texmf-texlive/tex/latex/base/report.cls
Document Class: report 2007/10/19 v1.4h Standard LaTeX document class
(/usr/share/texmf-texlive/tex/latex/base/size12.clo
File: size12.clo 2007/10/19 v1.4h Standard LaTeX file (size option)
)
\c@part=\count79
\c@chapter=\count80
\c@section=\count81
\c@subsection=\count82
\c@subsubsection=\count83
\c@paragraph=\count84
\c@subparagraph=\count85
\c@figure=\count86
\c@table=\count87
\abovecaptionskip=\skip41
\belowcaptionskip=\skip42
\bibindent=\dimen102
)
(/usr/share/texmf-texlive/tex/generic/babel/babel.sty
Package: babel 2008/07/06 v3.8l The Babel package

(/usr/share/texmf-texlive/tex/generic/babel/italian.ldf
Language: italian 2008/03/14 v1.2t Italian support from the babel system

(/usr/share/texmf-texlive/tex/generic/babel/babel.def
File: babel.def 2008/07/06 v3.8l Babel common definitions
\babel@savecnt=\count88
\U@D=\dimen103
)
Package babel Info: Making " an active character on input line 94.
))
(/usr/share/texmf-texlive/tex/latex/base/newlfont.sty
Package: newlfont 1998/08/17 v2.2m Standard LaTeX package
LaTeX Info: Redefining \em on input line 67.

(/usr/share/texmf-texlive/tex/latex/base/latexsym.sty
Package: latexsym 1998/08/17 v2.2e Standard LaTeX package (lasy symbols)
\symlasy=\mathgroup4
LaTeX Font Info:    Overwriting symbol font `lasy' in version `bold'
(Font)                  U/lasy/m/n --> U/lasy/b/n on input line 47.
))
(/usr/share/texmf-texlive/tex/latex/graphics/color.sty
Package: color 2005/11/14 v1.0j Standard LaTeX Color (DPC)

(/etc/texmf/tex/latex/config/color.cfg
File: color.cfg 2007/01/18 v1.5 color configuration of teTeX/TeXLive
)
Package color Info: Driver file: pdftex.def on input line 130.

(/usr/share/texmf-texlive/tex/latex/pdftex-def/pdftex.def
File: pdftex.def 2010/03/12 v0.04p Graphics/color for pdfTeX
\Gread@gobject=\count89
))
(/usr/share/texmf-texlive/tex/latex/base/inputenc.sty
Package: inputenc 2008/03/30 v1.1d Input encoding file
\inpenc@prehook=\toks14
\inpenc@posthook=\toks15

(/usr/share/texmf-texlive/tex/latex/ucs/utf8x.def
File: utf8x.def 2004/10/17 UCS: Input encoding UTF-8
))
(/usr/share/texmf-texlive/tex/latex/ucs/ucs.sty
Package: ucs 2004/10/17 UCS: Unicode input support

(/usr/share/texmf-texlive/tex/latex/ucs/data/uni-global.def
File: uni-global.def 2004/10/17 UCS: Unicode global data
)
\uc@secondtry=\count90
\uc@combtoks=\toks16
\uc@combtoksb=\toks17
\uc@temptokena=\toks18
)
(/usr/share/texmf-texlive/tex/latex/graphics/graphicx.sty
Package: graphicx 1999/02/16 v1.0f Enhanced LaTeX Graphics (DPC,SPQR)

(/usr/share/texmf-texlive/tex/latex/graphics/keyval.sty
Package: keyval 1999/03/16 v1.13 key=value parser (DPC)
\KV@toks@=\toks19
)
(/usr/share/texmf-texlive/tex/latex/graphics/graphics.sty
Package: graphics 2009/02/05 v1.0o Standard LaTeX Graphics (DPC,SPQR)

(/usr/share/texmf-texlive/tex/latex/graphics/trig.sty
Package: trig 1999/03/16 v1.09 sin cos tan (DPC)
)
(/etc/texmf/tex/latex/config/graphics.cfg
File: graphics.cfg 2009/08/28 v1.8 graphics configuration of TeX Live
)
Package graphics Info: Driver file: pdftex.def on input line 91.
)
\Gin@req@height=\dimen104
\Gin@req@width=\dimen105
)
(/usr/share/texmf-texlive/tex/latex/amsmath/amsmath.sty
Package: amsmath 2000/07/18 v2.13 AMS math features
\@mathmargin=\skip43

For additional information on amsmath, use the `?' option.
(/usr/share/texmf-texlive/tex/latex/amsmath/amstext.sty
Package: amstext 2000/06/29 v2.01

(/usr/share/texmf-texlive/tex/latex/amsmath/amsgen.sty
File: amsgen.sty 1999/11/30 v2.0
\@emptytoks=\toks20
\ex@=\dimen106
))
(/usr/share/texmf-texlive/tex/latex/amsmath/amsbsy.sty
Package: amsbsy 1999/11/29 v1.2d
\pmbraise@=\dimen107
)
(/usr/share/texmf-texlive/tex/latex/amsmath/amsopn.sty
Package: amsopn 1999/12/14 v2.01 operator names
)
\inf@bad=\count91
LaTeX Info: Redefining \frac on input line 211.
\uproot@=\count92
\leftroot@=\count93
LaTeX Info: Redefining \overline on input line 307.
\classnum@=\count94
\DOTSCASE@=\count95
LaTeX Info: Redefining \ldots on input line 379.
LaTeX Info: Redefining \dots on input line 382.
LaTeX Info: Redefining \cdots on input line 467.
\Mathstrutbox@=\box26
\strutbox@=\box27
\big@size=\dimen108
LaTeX Font Info:    Redeclaring font encoding OML on input line 567.
LaTeX Font Info:    Redeclaring font encoding OMS on input line 568.
\macc@depth=\count96
\c@MaxMatrixCols=\count97
\dotsspace@=\muskip10
\c@parentequation=\count98
\dspbrk@lvl=\count99
\tag@help=\toks21
\row@=\count100
\column@=\count101
\maxfields@=\count102
\andhelp@=\toks22
\eqnshift@=\dimen109
\alignsep@=\dimen110
\tagshift@=\dimen111
\tagwidth@=\dimen112
\totwidth@=\dimen113
\lineht@=\dimen114
\@envbody=\toks23
\multlinegap=\skip44
\multlinetaggap=\skip45
\mathdisplay@stack=\toks24
LaTeX Info: Redefining \[ on input line 2666.
LaTeX Info: Redefining \] on input line 2667.
)
(/usr/share/texmf-texlive/tex/latex/amsfonts/amssymb.sty
Package: amssymb 2009/06/22 v3.00

(/usr/share/texmf-texlive/tex/latex/amsfonts/amsfonts.sty
Package: amsfonts 2009/06/22 v3.00 Basic AMSFonts support
\symAMSa=\mathgroup5
\symAMSb=\mathgroup6
LaTeX Font Info:    Overwriting math alphabet `\mathfrak' in version `bold'
(Font)                  U/euf/m/n --> U/euf/b/n on input line 96.
))
(/usr/share/texmf-texlive/tex/latex/setspace/setspace.sty
Package: setspace 2000/12/01 6.7 Contributed and Supported LaTeX2e package

Package: `setspace' 6.7 <2000/12/01>
) (./tesi.aux)
\openout1 = `tesi.aux'.

LaTeX Font Info:    Checking defaults for OML/cmm/m/it on input line 13.
LaTeX Font Info:    ... okay on input line 13.
LaTeX Font Info:    Checking defaults for T1/cmr/m/n on input line 13.
LaTeX Font Info:    ... okay on input line 13.
LaTeX Font Info:    Checking defaults for OT1/cmr/m/n on input line 13.
LaTeX Font Info:    ... okay on input line 13.
LaTeX Font Info:    Checking defaults for OMS/cmsy/m/n on input line 13.
LaTeX Font Info:    ... okay on input line 13.
LaTeX Font Info:    Checking defaults for OMX/cmex/m/n on input line 13.
LaTeX Font Info:    ... okay on input line 13.
LaTeX Font Info:    Checking defaults for U/cmr/m/n on input line 13.
LaTeX Font Info:    ... okay on input line 13.
LaTeX Font Info:    Checking defaults for LGR/cmr/m/n on input line 13.
LaTeX Font Info:    Try loading font information for LGR+cmr on input line 13.
 (/usr/share/texmf-texlive/tex/generic/babel/lgrcmr.fd
File: lgrcmr.fd 2008/06/17 v2.3 Greek Computer Modern
)
LaTeX Font Info:    ... okay on input line 13.

(/usr/share/texmf-texlive/tex/context/base/supp-pdf.mkii
[Loading MPS to PDF converter (version 2006.09.02).]
\scratchcounter=\count103
\scratchdimen=\dimen115
\scratchbox=\box28
\nofMPsegments=\count104
\nofMParguments=\count105
\everyMPshowfont=\toks25
\MPscratchCnt=\count106
\MPscratchDim=\dimen116
\MPnumerator=\count107
\everyMPtoPDFconversion=\toks26
) (/usr/share/texmf-texlive/tex/latex/ucs/ucsencs.def
File: ucsencs.def 2003/11/29 Fixes to fontencodings LGR, T3

fontencoding LGR patched
) (/usr/share/texmf-texlive/tex/latex/ucs/data/uni-0.def
File: uni-0.def 2004/10/17 UCS: Unicode data U+0000..U+00FF
)
LaTeX Font Info:    Try loading font information for U+lasy on input line 18.

(/usr/share/texmf-texlive/tex/latex/base/ulasy.fd
File: ulasy.fd 1998/08/17 v2.2e LaTeX symbol font definitions
)
LaTeX Font Info:    Try loading font information for U+msa on input line 18.

(/usr/share/texmf-texlive/tex/latex/amsfonts/umsa.fd
File: umsa.fd 2009/06/22 v3.00 AMS symbols A
)
LaTeX Font Info:    Try loading font information for U+msb on input line 18.

(/usr/share/texmf-texlive/tex/latex/amsfonts/umsb.fd
File: umsb.fd 2009/06/22 v3.00 AMS symbols B
)
Underfull \hbox (badness 10000) in paragraph at lines 44--46

 []


Underfull \hbox (badness 10000) in paragraph at lines 44--46

 []

[1

{/var/lib/texmf/fonts/map/pdftex/updmap/pdftex.map}] [2] (./tesi.toc)
\tf@toc=\write3
\openout3 = `tesi.toc'.


[1

] (./tesi.lof)
\tf@lof=\write4
\openout4 = `tesi.lof'.

 [2

]
Underfull \hbox (badness 10000) in paragraph at lines 90--91

 []


Underfull \hbox (badness 10000) in paragraph at lines 92--93

 []


Underfull \hbox (badness 10000) in paragraph at lines 94--95

 []

[3

]
Capitolo 1.

Underfull \hbox (badness 10000) in paragraph at lines 102--103

 []


Underfull \hbox (badness 10000) in paragraph at lines 104--105

 []


Underfull \hbox (badness 10000) in paragraph at lines 106--107

 []


Underfull \hbox (badness 10000) in paragraph at lines 108--109

 []

[4

]
Underfull \hbox (badness 10000) in paragraph at lines 117--118

 []

<figures/stereo.jpg, id=28, 702.625pt x 541.02126pt>
File: figures/stereo.jpg Graphic file (type jpg)
 <use figures/stereo.jpg>

LaTeX Warning: Command \textdegree invalid in math mode on input line 126.


Underfull \hbox (badness 10000) in paragraph at lines 126--127

 []


Underfull \hbox (badness 10000) in paragraph at lines 132--133

 []

[5 <./figures/stereo.jpg>]

LaTeX Warning: Command \textdegree invalid in math mode on input line 137.


LaTeX Warning: Command \textdegree invalid in math mode on input line 137.


Underfull \hbox (badness 10000) in paragraph at lines 137--138

 []


LaTeX Warning: Command \textdegree invalid in math mode on input line 139.


LaTeX Warning: Command \textdegree invalid in math mode on input line 139.


LaTeX Warning: Command \textdegree invalid in math mode on input line 139.


Underfull \hbox (badness 10000) in paragraph at lines 139--140

 []

<figures/5-1.png, id=34, 1249.66875pt x 1064.97874pt>
File: figures/5-1.png Graphic file (type png)
 <use figures/5-1.png>
<figures/7-1.png, id=36, 602.25pt x 616.3025pt>
File: figures/7-1.png Graphic file (type png)
 <use figures/7-1.png>

LaTeX Warning: Command \textdegree invalid in math mode on input line 148.


LaTeX Warning: Command \textdegree invalid in math mode on input line 148.


LaTeX Warning: Command \textdegree invalid in math mode on input line 148.


Underfull \hbox (badness 10000) in paragraph at lines 148--149

 []

[6 <./figures/5-1.png> <./figures/7-1.png (PNG copy)>]

LaTeX Warning: Command \textdegree invalid in math mode on input line 150.


LaTeX Warning: Command \textdegree invalid in math mode on input line 150.


LaTeX Warning: Command \textdegree invalid in math mode on input line 150.


LaTeX Warning: Command \textdegree invalid in math mode on input line 150.


LaTeX Warning: Command \textdegree invalid in math mode on input line 150.


Overfull \hbox (35.15427pt too wide) in paragraph at lines 150--151
\OT1/cmr/m/n/12 par-lan-ti ad an-go-li ri-spet-ti-vi di $45[]$ il che po-ne que
-sti ul-ti-mi a $\OMS/cmsy/m/n/12 ^^F\OT1/cmr/m/n/12 22\OML/cmm/m/it/12 ; \OT1/
cmr/m/n/12 5[] \OML/cmm/m/it/12 ; \OMS/cmsy/m/n/12 ^^F\OT1/cmr/m/n/12 67\OML/cm
m/m/it/12 ; \OT1/cmr/m/n/12 5[] \OML/cmm/m/it/12 ; \OMS/cmsy/m/n/12 ^^F\OT1/cmr
/m/n/12 112\OML/cmm/m/it/12 ; \OT1/cmr/m/n/12 5[] \OML/cmm/m/it/12 ; \OMS/cmsy/
m/n/12 ^^F\OT1/cmr/m/n/12 157\OML/cmm/m/it/12 ; \OT1/cmr/m/n/12 5[]$
 []

<figures/quad.jpg, id=42, 501.875pt x 496.85625pt>
File: figures/quad.jpg Graphic file (type jpg)
 <use figures/quad.jpg>
<figures/ottofonia.png, id=43, 408.77719pt x 347.04657pt>
File: figures/ottofonia.png Graphic file (type png)

<use figures/ottofonia.png>

LaTeX Warning: Command \textdegree invalid in math mode on input line 161.


LaTeX Warning: Command \textdegree invalid in math mode on input line 161.


LaTeX Warning: Command \textdegree invalid in math mode on input line 161.

<figures/cubo4.png, id=44, 402.00188pt x 290.58563pt>
File: figures/cubo4.png Graphic file (type png)
 <use figures/cubo4.png>
LaTeX Font Info:    Try loading font information for OMS+cmr on input line 175.


(/usr/share/texmf-texlive/tex/latex/base/omscmr.fd
File: omscmr.fd 1999/05/25 v2.5h Standard LaTeX font definitions
)
LaTeX Font Info:    Font shape `OMS/cmr/m/n' in size <12> not available
(Font)              Font shape `OMS/cmsy/m/n' tried instead on input line 175.
 [7 <./figures/quad.jpg> <./figures/ottofonia.png (PNG copy)>]
Underfull \hbox (badness 10000) in paragraph at lines 179--180

 []


Underfull \hbox (badness 10000) in paragraph at lines 181--182

 []


Underfull \hbox (badness 10000) in paragraph at lines 183--184

 []


Underfull \hbox (badness 10000) in paragraph at lines 185--186

 []

[8 <./figures/cubo4.png>]
Underfull \hbox (badness 10000) in paragraph at lines 187--188

 []


Underfull \hbox (badness 10000) in paragraph at lines 189--190

 []

[9]
Capitolo 2.

Underfull \hbox (badness 10000) in paragraph at lines 199--200

 []


Underfull \hbox (badness 10000) in paragraph at lines 201--202

 []


Underfull \hbox (badness 10000) in paragraph at lines 203--204

 []


Underfull \hbox (badness 10000) in paragraph at lines 205--206

 []


Underfull \hbox (badness 10000) in paragraph at lines 209--210

 []

[10

]
Underfull \hbox (badness 10000) in paragraph at lines 211--212

 []


Underfull \hbox (badness 10000) in paragraph at lines 215--216

 []

<figures/azimut.png, id=58, 881.2925pt x 426.59375pt>
File: figures/azimut.png Graphic file (type png)
 <use figures/azimut.png>
[11 <./figures/azimut.png (PNG copy)>]
<figures/apertura.png, id=64, 991.705pt x 388.45125pt>
File: figures/apertura.png Graphic file (type png)

<use figures/apertura.png>
Underfull \hbox (badness 10000) in paragraph at lines 255--256

 []


Underfull \hbox (badness 10000) in paragraph at lines 257--258

 []

<figures/timeline.png, id=65, 902.37125pt x 102.3825pt>
File: figures/timeline.png Graphic file (type png)

<use figures/timeline.png>
Overfull \hbox (1.18452pt too wide) in paragraph at lines 261--261
 [][] 
 []

<figures/object1.png, id=66, 903.375pt x 204.765pt>
File: figures/object1.png Graphic file (type png)
 <use figures/object1.png>
Overfull \hbox (1.6864pt too wide) in paragraph at lines 262--262
 [][] 
 []

<figures/object2.png, id=67, 901.3675pt x 206.7725pt>
File: figures/object2.png Graphic file (type png)

<use figures/object2.png>
Overfull \hbox (0.68263pt too wide) in paragraph at lines 263--263
 [][] 
 []

<figures/object3.png, id=68, 901.3675pt x 203.76125pt>
File: figures/object3.png Graphic file (type png)

<use figures/object3.png>
Overfull \hbox (0.68263pt too wide) in paragraph at lines 264--265
 [][] 
 []

<figures/timeline2.png, id=69, 952.55875pt x 238.8925pt>
File: figures/timeline2.png Graphic file (type png)

<use figures/timeline2.png>
Overfull \hbox (26.27821pt too wide) in paragraph at lines 271--272
 [][] 
 []


Underfull \hbox (badness 10000) in paragraph at lines 281--282

 []

[12 <./figures/apertura.png (PNG copy)>] [13 <./figures/timeline.png (PNG copy)
> <./figures/object1.png (PNG copy)> <./figures/object2.png (PNG copy)> <./figu
res/object3.png (PNG copy)> <./figures/timeline2.png (PNG copy)>]
Underfull \hbox (badness 10000) in paragraph at lines 285--286

 []


Underfull \hbox (badness 10000) in paragraph at lines 291--292

 []


Underfull \hbox (badness 10000) in paragraph at lines 293--294

 []

[14] <figures/mdacreator.jpg, id=80, 903.375pt x 670.505pt>
File: figures/mdacreator.jpg Graphic file (type jpg)

<use figures/mdacreator.jpg>
Overfull \hbox (1.6864pt too wide) in paragraph at lines 299--300
 [][] 
 []


Underfull \hbox (badness 10000) in paragraph at lines 305--306

 []

[15 <./figures/mdacreator.jpg>]
Underfull \hbox (badness 10000) in paragraph at lines 309--310

 []

[16]
Capitolo 3.

Underfull \hbox (badness 10000) in paragraph at lines 316--317

 []


Underfull \hbox (badness 10000) in paragraph at lines 320--322

 []


Underfull \hbox (badness 10000) in paragraph at lines 323--324

 []


Underfull \hbox (badness 10000) in paragraph at lines 325--326

 []

[17

]
LaTeX Font Info:    Font shape `U/lasy/b/n' in size <8> not available
(Font)              Font shape `U/lasy/m/n' tried instead on input line 328.
LaTeX Font Info:    Font shape `U/lasy/b/n' in size <6> not available
(Font)              Font shape `U/lasy/m/n' tried instead on input line 328.

Underfull \hbox (badness 10000) in paragraph at lines 328--329

 []

<figures/matrix2d.png, id=91, 540.0175pt x 401.5pt>
File: figures/matrix2d.png Graphic file (type png)
 <use figures/matrix2d.png>
[18 <./figures/matrix2d.png (PNG copy)>]
<figures/angoli.png, id=97, 675.52374pt x 419.5675pt>
File: figures/angoli.png Graphic file (type png)
 <use figures/angoli.png>
Underfull \hbox (badness 10000) in paragraph at lines 389--390

 []

[19 <./figures/angoli.png (PNG copy)>]

LaTeX Warning: Command \textdegree invalid in math mode on input line 391.


LaTeX Warning: Command \textdegree invalid in math mode on input line 391.

<figures/matrix5-1.png, id=101, 400.49625pt x 399.4925pt>
File: figures/matrix5-1.png Graphic file (type png)

<use figures/matrix5-1.png>
Underfull \hbox (badness 10000) in paragraph at lines 410--411

 []

<figures/matrix3d.png, id=102, 453.695pt x 398.48875pt>
File: figures/matrix3d.png Graphic file (type png)

<use figures/matrix3d.png> [20 <./figures/matrix5-1.png (PNG copy)>]
Underfull \hbox (badness 10000) in paragraph at lines 444--445

 []

[21 <./figures/matrix3d.png (PNG copy)>]
<figures/matrix3dfull.png, id=109, 473.77pt x 314.17375pt>
File: figures/matrix3dfull.png Graphic file (type png)

<use figures/matrix3dfull.png>
Underfull \hbox (badness 10000) in paragraph at lines 458--460

 []


Underfull \hbox (badness 10000) in paragraph at lines 461--463

 []


Underfull \hbox (badness 10000) in paragraph at lines 464--465

 []


Underfull \hbox (badness 10000) in paragraph at lines 470--471

 []

[22 <./figures/matrix3dfull.png (PNG copy)>]
Underfull \hbox (badness 10000) in paragraph at lines 485--486

 []

[23]
Underfull \hbox (badness 10000) in paragraph at lines 498--499

 []

<figures/distance.png, id=117, 462.72874pt x 254.9525pt>
File: figures/distance.png Graphic file (type png)

<use figures/distance.png>
Underfull \hbox (badness 10000) in paragraph at lines 507--508

 []


Underfull \hbox (badness 10000) in paragraph at lines 511--512

 []


LaTeX Warning: Command \textdegree invalid in math mode on input line 513.


Underfull \hbox (badness 10000) in paragraph at lines 513--514

 []

[24 <./figures/distance.png (PNG copy)>]

LaTeX Warning: Command \textdegree invalid in math mode on input line 515.


LaTeX Warning: Command \textdegree invalid in math mode on input line 515.


Underfull \hbox (badness 10000) in paragraph at lines 515--516

 []


LaTeX Warning: Command \textdegree invalid in math mode on input line 517.


LaTeX Warning: Command \textdegree invalid in math mode on input line 517.


Underfull \hbox (badness 10000) in paragraph at lines 517--518

 []


Underfull \hbox (badness 10000) in paragraph at lines 533--534

 []


Underfull \hbox (badness 10000) in paragraph at lines 544--545

 []

[25]

LaTeX Warning: Command \textdegree invalid in math mode on input line 546.


LaTeX Warning: Command \textdegree invalid in math mode on input line 546.


Underfull \hbox (badness 10000) in paragraph at lines 553--554

 []


LaTeX Warning: Command \textdegree invalid in math mode on input line 555.


LaTeX Warning: Command \textdegree invalid in math mode on input line 555.


Underfull \hbox (badness 10000) in paragraph at lines 555--556

 []


Underfull \hbox (badness 10000) in paragraph at lines 570--571

 []


LaTeX Warning: Command \textdegree invalid in math mode on input line 574.


LaTeX Warning: Command \textdegree invalid in math mode on input line 574.


LaTeX Warning: Command \textdegree invalid in math mode on input line 576.


LaTeX Warning: Command \textdegree invalid in math mode on input line 576.


LaTeX Warning: Command \textdegree invalid in math mode on input line 578.


LaTeX Warning: Command \textdegree invalid in math mode on input line 578.


Underfull \hbox (badness 10000) in paragraph at lines 572--582

 []


Underfull \hbox (badness 10000) in paragraph at lines 572--582

 []

[26]

LaTeX Warning: Command \textdegree invalid in math mode on input line 583.


LaTeX Warning: Command \textdegree invalid in math mode on input line 583.


Underfull \hbox (badness 10000) in paragraph at lines 583--584

 []


Underfull \hbox (badness 10000) in paragraph at lines 585--586

 []


LaTeX Warning: Command \textdegree invalid in math mode on input line 589.


LaTeX Warning: Command \textdegree invalid in math mode on input line 591.


LaTeX Warning: Command \textdegree invalid in math mode on input line 593.


LaTeX Warning: Command \textdegree invalid in math mode on input line 595.


Underfull \hbox (badness 10000) in paragraph at lines 587--599

 []


Underfull \hbox (badness 10000) in paragraph at lines 587--599

 []


Underfull \hbox (badness 10000) in paragraph at lines 616--618

 []


Underfull \hbox (badness 10000) in paragraph at lines 619--620

 []


Underfull \hbox (badness 10000) in paragraph at lines 621--622

 []


LaTeX Warning: Command \textdegree invalid in math mode on input line 625.


LaTeX Warning: Command \textdegree invalid in math mode on input line 627.


LaTeX Warning: Command \textdegree invalid in math mode on input line 629.


LaTeX Warning: Command \textdegree invalid in math mode on input line 631.


LaTeX Warning: Command \textdegree invalid in math mode on input line 633.


Underfull \hbox (badness 10000) in paragraph at lines 623--636

 []


Underfull \hbox (badness 10000) in paragraph at lines 637--638

 []

[27]
Underfull \hbox (badness 10000) in paragraph at lines 648--649

 []


Underfull \hbox (badness 10000) in paragraph at lines 656--657

 []


Underfull \hbox (badness 10000) in paragraph at lines 658--659

 []


LaTeX Warning: Command \textdegree invalid in math mode on input line 662.


LaTeX Warning: Command \textdegree invalid in math mode on input line 664.


Underfull \hbox (badness 10000) in paragraph at lines 660--667

 []


Underfull \hbox (badness 10000) in paragraph at lines 668--669

 []


LaTeX Warning: Command \textdegree invalid in math mode on input line 673.


LaTeX Warning: Command \textdegree invalid in math mode on input line 673.


LaTeX Warning: Command \textdegree invalid in math mode on input line 675.


LaTeX Warning: Command \textdegree invalid in math mode on input line 675.


LaTeX Warning: Command \textdegree invalid in math mode on input line 677.


LaTeX Warning: Command \textdegree invalid in math mode on input line 677.


Underfull \hbox (badness 10000) in paragraph at lines 671--680

 []

[28]
Underfull \hbox (badness 10000) in paragraph at lines 706--707

 []


Underfull \hbox (badness 10000) in paragraph at lines 708--709

 []

[29

]
Underfull \hbox (badness 10000) in paragraph at lines 715--716
[]\OT1/cmr/m/it/12 https://www.itu.int/dms[]pubrec/itu-r/rec/bs/R-REC-BS.775-3-
201208-I!!PDF-
 []


Underfull \hbox (badness 10000) in paragraph at lines 718--719
[]\OT1/cmr/m/it/12 https://www.dolby.com/us/en/technologies/dolby-atmos/dolby-a
tmos-next-
 []


Overfull \hbox (57.59508pt too wide) in paragraph at lines 719--720
[]\OT1/cmr/m/it/12 http://www.etsi.org/deliver/etsi[]ts/103200[]103299/103223/0
1.01.01[]60/ts[]103223v010101p.pdf 
 []

[30

] (./tesi.aux) ) 
Here is how much of TeX's memory you used:
 3664 strings out of 495052
 49664 string characters out of 1182205
 104280 words of memory out of 3000000
 6755 multiletter control sequences out of 15000+50000
 18527 words of font info for 74 fonts, out of 3000000 for 9000
 28 hyphenation exceptions out of 8191
 27i,16n,24p,996b,598s stack positions out of 5000i,500n,10000p,200000b,50000s
</usr/share/texmf-texlive/fonts/type1/public/amsfonts/cm/cmbx10
.pfb></usr/share/texmf-texlive/fonts/type1/public/amsfonts/cm/cmbx12.pfb></usr/
share/texmf-texlive/fonts/type1/public/amsfonts/cm/cmbx8.pfb></usr/share/texmf-
texlive/fonts/type1/public/amsfonts/cm/cmcsc10.pfb></usr/share/texmf-texlive/fo
nts/type1/public/amsfonts/cm/cmex10.pfb></usr/share/texmf-texlive/fonts/type1/p
ublic/amsfonts/cmextra/cmex8.pfb></usr/share/texmf-texlive/fonts/type1/public/a
msfonts/cm/cmmi12.pfb></usr/share/texmf-texlive/fonts/type1/public/amsfonts/cm/
cmmi6.pfb></usr/share/texmf-texlive/fonts/type1/public/amsfonts/cm/cmmi8.pfb></
usr/share/texmf-texlive/fonts/type1/public/amsfonts/cm/cmmib10.pfb></usr/share/
texmf-texlive/fonts/type1/public/amsfonts/cmextra/cmmib8.pfb></usr/share/texmf-
texlive/fonts/type1/public/amsfonts/cm/cmr10.pfb></usr/share/texmf-texlive/font
s/type1/public/amsfonts/cm/cmr12.pfb></usr/share/texmf-texlive/fonts/type1/publ
ic/amsfonts/cm/cmr6.pfb></usr/share/texmf-texlive/fonts/type1/public/amsfonts/c
m/cmr7.pfb></usr/share/texmf-texlive/fonts/type1/public/amsfonts/cm/cmr8.pfb></
usr/share/texmf-texlive/fonts/type1/public/amsfonts/cm/cmsy10.pfb></usr/share/t
exmf-texlive/fonts/type1/public/amsfonts/cm/cmsy6.pfb></usr/share/texmf-texlive
/fonts/type1/public/amsfonts/cm/cmsy8.pfb></usr/share/texmf-texlive/fonts/type1
/public/amsfonts/cm/cmti12.pfb>
Output written on tesi.pdf (32 pages, 1114232 bytes).
PDF statistics:
 208 PDF objects out of 1000 (max. 8388607)
 0 named destinations out of 1000 (max. 500000)
 101 words of extra memory for PDF output out of 10000 (max. 10000000)

